*----------------------------------------------------------------------------------------
*	Innovus 17.11-s080_1 (64bit) 08/04/2017 11:13 (Linux 2.6.18-194.el5)
*	
*
* 	Date & Time:	2020-Nov-22 18:10:49 (2020-Nov-22 17:10:49 GMT)
*
*----------------------------------------------------------------------------------------
*
*	Design: filter
*
*	Liberty Libraries used: 
*	        MyAnView: /home/isa32/DELIVER/isa-lab-1/1_basic_architecture/implementation/innovus/filter.enc.dat/libs/mmmc/NangateOpenCellLibrary_typical_ecsm_nowlm.lib
*
*	Power Domain used: 
*		Rail:        VDD 	Voltage:        1.1 
*
*       Power View : MyAnView
*
*       User-Defined Activity : N.A.
*
*	Switching Activity File used: 
*	        ../vcd/design.vcd
*			Vcd Window used(Start Time, Stop Time):(8.71744e+07, 8.71744e+07) 
*                     Vcd Scale Factor: 1 
**                    Design annotation coverage: 0/955 = 0% 
*
*       Hierarchical Global Activity: N.A.
*
*       Global Activity: N.A.
*
*       Sequential Element Activity: N.A.
*
*       Primary Input Activity: 0.200000
*
*       Default icg ratio: N.A.
*
*       Global Comb ClockGate Ratio: N.A.
*
*	Power Units = 1mW
*
*	Time Units = 1e-09 secs 
*
*       Temperature = 25 
*
*       report_power -outfile .//filter.rpt -rail_analysis_format VS
*
-----------------------------------------------------------------------------------------
Cell                            Internal   Switching       Total     Leakage   Cell
                                   Power       Power       Power       Power   Name
--------------------------------------------------------------------------------------
reg_filter_Q_reg_0_             0.001347    0.002154    0.003587   8.539e-05  DFFR_X1
reg_filter_Q_reg_3_             0.001342    0.001471    0.002898   8.561e-05  DFFR_X1
reg_filter_Q_reg_7_             0.001392    0.001412    0.002889   8.519e-05  DFFR_X1
reg_filter_Q_reg_2_             0.001338    0.001462    0.002886   8.565e-05  DFFR_X1
reg_filter_Q_reg_4_             0.001337    0.001456    0.002879   8.571e-05  DFFR_X1
reg_filter_Q_reg_5_             0.001343    0.001441     0.00287   8.565e-05  DFFR_X1
reg_filter_Q_reg_6_             0.001342    0.001424    0.002851   8.567e-05  DFFR_X1
reg_filter_Q_reg_8_             0.001342    0.001371    0.002799   8.565e-05  DFFR_X1
reg_filter_Q_reg_1_             0.001345    0.001335    0.002765   8.554e-05  DFFR_X1
U149                           0.0006285    0.001868    0.002534   3.684e-05  XNOR2_X1
U136                             0.00063    0.001741    0.002407   3.595e-05  XOR2_X1
U131                           0.0006016    0.001647    0.002284   3.605e-05  XOR2_X1
U134                           0.0005772    0.001665    0.002279   3.759e-05  XOR2_X1
U133                           0.0005933    0.001638    0.002268   3.736e-05  XOR2_X1
U132                           0.0005993      0.0016    0.002237   3.738e-05  XOR2_X1
U169                           0.0003446    0.001829    0.002203   2.929e-05  OAI21_X1
FE_OFC2_n31                    0.0005032    0.001638    0.002163   2.137e-05  BUF_X1
reg_out_Q_reg_4_                0.001336   0.0007284     0.00215   8.569e-05  DFFR_X1
reg_out_Q_reg_5_                0.001339   0.0007129    0.002138   8.565e-05  DFFR_X1
reg_out_Q_reg_3_                0.001327   0.0007142    0.002127   8.576e-05  DFFR_X1
FE_OFC1_n33                    0.0005026    0.001598    0.002122   2.187e-05  BUF_X1
reg_out_Q_reg_6_                0.001342   0.0006817    0.002109   8.562e-05  DFFR_X1
reg_out_Q_reg_2_                0.001313   0.0006805     0.00208   8.588e-05  DFFR_X1
reg_out_Q_reg_7_                0.001342   0.0006325     0.00206   8.562e-05  DFFR_X1
mult_80_U277                   0.0004333    0.001545    0.001999   2.066e-05  AOI21_X1
mult_77_U474                   0.0006286     0.00103    0.001695   3.692e-05  XOR2_X1
mult_80_U103                   0.0009844   0.0006381    0.001691   6.889e-05  FA_X1
mult_80_U99                    0.0009862   0.0006211    0.001676   6.876e-05  FA_X1
mult_80_U106                   0.0009828   0.0006249    0.001675   6.692e-05  FA_X1
mult_80_U96                    0.0009883   0.0006136    0.001674   7.252e-05  FA_X1
mult_80_U94                    0.0009817   0.0005947    0.001647   7.049e-05  FA_X1
mult_80_U92                    0.0009859   0.0005443    0.001605    7.52e-05  FA_X1
mult_66_U280                   0.0005874   0.0009383    0.001562   3.632e-05  XNOR2_X1
mult_80_U111                   0.0009585   0.0004645    0.001491   6.792e-05  FA_X1
U171                           0.0006291   0.0008135    0.001478   3.572e-05  XNOR2_X1
mult_80_U109                   0.0008457   0.0005146    0.001423   6.244e-05  FA_X1
mult_66_U288                   0.0006123   0.0007716    0.001419   3.509e-05  XNOR2_X1
mult_77_U468                   0.0004851   0.0008862    0.001414   4.249e-05  XOR2_X1
mult_77_U469                   0.0006246   0.0007224    0.001383   3.601e-05  XOR2_X1
mult_80_U244                   0.0004169   0.0009122    0.001362   3.246e-05  OAI21_X1
mult_80_U107                   0.0007865   0.0004798    0.001333   6.712e-05  FA_X1
mult_80_U97                    0.0007851   0.0004686    0.001324    7.02e-05  FA_X1
mult_80_U100                    0.000798   0.0004517    0.001322   7.256e-05  FA_X1
mult_77_U279                   0.0005203   0.0007401    0.001319   5.828e-05  OAI221_X1
mult_66_U294                   0.0005305   0.0007381    0.001306   3.731e-05  XNOR2_X1
mult_80_U110                   0.0007278   0.0004906    0.001282   6.366e-05  FA_X1
mult_80_U246                     0.00054   0.0007037    0.001282    3.82e-05  XNOR2_X1
mult_80_U95                    0.0007854   0.0004073    0.001263   7.051e-05  FA_X1
U187                           0.0005319   0.0006903    0.001259   3.669e-05  XNOR2_X1
mult_80_U91                    0.0007852   0.0003968    0.001252   7.051e-05  FA_X1
mult_66_U387                   0.0005607   0.0006483    0.001245   3.613e-05  XNOR2_X1
mult_80_U104                    0.000689   0.0004799    0.001234   6.461e-05  FA_X1
mult_77_U285                    0.000538   0.0006551    0.001229   3.602e-05  XNOR2_X1
mult_66_U303                   0.0005559   0.0006329    0.001226    3.74e-05  XNOR2_X1
mult_80_U245                   0.0002788   0.0009108     0.00121   2.001e-05  NOR2_X1
mult_66_U353                   0.0003627   0.0008113    0.001209    3.49e-05  OAI22_X1
mult_66_U444                   0.0005891   0.0005746    0.001201   3.736e-05  XOR2_X1
U170                           0.0004261   0.0007446    0.001199   2.825e-05  AOI21_X1
mult_77_U270                   0.0005725   0.0005751    0.001196   4.862e-05  OAI221_X1
mult_66_U297                   0.0004504   0.0007198    0.001196   2.568e-05  AOI21_X1
mult_66_U465                   0.0006112   0.0005465    0.001193   3.571e-05  XOR2_X1
mult_80_U252                   0.0005609   0.0005909    0.001189   3.703e-05  XNOR2_X1
mult_66_U244                    0.000579   0.0005444    0.001172   4.863e-05  OAI221_X1
mult_80_U113                   0.0007262   0.0003816    0.001171   6.366e-05  FA_X1
mult_77_U283                   0.0004232   0.0006977    0.001157    3.65e-05  OAI22_X1
mult_77_U274                   0.0005359     0.00058    0.001155   3.898e-05  XNOR2_X1
mult_66_U241                    0.000546   0.0005702    0.001154   3.815e-05  XNOR2_X1
mult_66_U459                   0.0006452   0.0004731    0.001154   3.599e-05  XOR2_X1
mult_66_U416                   0.0006158   0.0004997    0.001152   3.633e-05  XNOR2_X1
mult_77_U470                   0.0005753   0.0005233    0.001136   3.765e-05  XOR2_X1
mult_66_U423                   0.0006183   0.0004749     0.00113   3.638e-05  XNOR2_X1
mult_66_U315                   0.0006226   0.0004651    0.001124   3.594e-05  XNOR2_X1
mult_66_U421                   0.0006197   0.0004658    0.001122   3.648e-05  XNOR2_X1
mult_66_U472                   0.0006187   0.0004652     0.00112   3.617e-05  XOR2_X1
mult_66_U451                   0.0006155   0.0004677    0.001119   3.618e-05  XOR2_X1
mult_66_U469                   0.0006475   0.0004381    0.001118   3.234e-05  XOR2_X1
mult_66_U415                   0.0006217    0.000457    0.001115   3.643e-05  XNOR2_X1
mult_66_U419                   0.0006212   0.0004556    0.001113   3.643e-05  XNOR2_X1
mult_66_U420                   0.0006189   0.0004573    0.001113   3.638e-05  XNOR2_X1
mult_66_U468                   0.0006162   0.0004594    0.001112   3.616e-05  XOR2_X1
mult_66_U248                   0.0005881   0.0004793    0.001104   3.649e-05  XNOR2_X1
mult_66_U471                   0.0006179   0.0004488    0.001103   3.615e-05  XOR2_X1
mult_66_U422                   0.0006178   0.0004454      0.0011   3.633e-05  XNOR2_X1
mult_66_U466                   0.0006334   0.0004317    0.001098    3.27e-05  XOR2_X1
mult_66_U461                   0.0006163   0.0004442    0.001097   3.618e-05  XOR2_X1
mult_66_U429                   0.0006236   0.0004363    0.001097    3.67e-05  XNOR2_X1
mult_66_U417                   0.0006184   0.0004404    0.001095   3.633e-05  XNOR2_X1
mult_66_U449                   0.0006139   0.0004433    0.001093    3.62e-05  XOR2_X1
mult_80_U253                   0.0005766   0.0004784     0.00109   3.541e-05  XOR2_X1
mult_77_U264                   0.0005677   0.0004859     0.00109   3.668e-05  XNOR2_X1
mult_66_U428                   0.0006241   0.0004272    0.001088    3.67e-05  XNOR2_X1
mult_66_U414                   0.0006222   0.0004281    0.001087   3.643e-05  XNOR2_X1
mult_66_U462                   0.0006174   0.0004313    0.001085   3.615e-05  XOR2_X1
mult_66_U425                   0.0006238    0.000419     0.00108    3.67e-05  XNOR2_X1
mult_66_U418                   0.0006214    0.000421    0.001079   3.648e-05  XNOR2_X1
mult_66_U446                   0.0005994   0.0004424    0.001079     3.7e-05  XOR2_X1
mult_66_U281                   0.0004344   0.0006032    0.001078   4.048e-05  OAI22_X1
mult_77_U471                   0.0005811   0.0004586    0.001078   3.837e-05  XOR2_X1
mult_66_U448                   0.0006169   0.0004236    0.001077   3.616e-05  XOR2_X1
U165                            0.000448   0.0005999     0.00107   2.212e-05  OR2_X1
mult_66_U430                    0.000575   0.0004573    0.001069   3.627e-05  XNOR2_X1
mult_80_U268                   0.0005599   0.0004707    0.001068   3.717e-05  XNOR2_X1
mult_66_U454                   0.0006165   0.0004148    0.001067   3.616e-05  XOR2_X1
mult_66_U453                   0.0005798   0.0004452    0.001061   3.621e-05  XOR2_X1
mult_66_U445                   0.0005844    0.000437    0.001057   3.587e-05  XOR2_X1
mult_66_U407                    0.000571   0.0004461    0.001055   3.752e-05  XNOR2_X1
mult_66_U426                    0.000571   0.0004459    0.001054   3.752e-05  XNOR2_X1
mult_66_U467                   0.0005803   0.0004318    0.001048   3.621e-05  XOR2_X1
mult_77_U288                   0.0005806   0.0004288    0.001046   3.676e-05  XNOR2_X1
mult_66_U296                   0.0005803   0.0004284    0.001046   3.685e-05  XNOR2_X1
mult_66_U463                    0.000741   0.0002669    0.001045   3.687e-05  XOR2_X1
mult_66_U424                   0.0005753   0.0004314    0.001043   3.627e-05  XNOR2_X1
mult_66_U427                   0.0005716   0.0004303    0.001039   3.752e-05  XNOR2_X1
mult_80_U272                   0.0005467   0.0004537    0.001038   3.775e-05  XNOR2_X1
mult_66_U309                   0.0003941   0.0006178    0.001034   2.231e-05  AOI21_X1
mult_66_U363                   0.0004403    0.000568    0.001033   2.478e-05  OAI22_X1
mult_66_U304                   0.0004416   0.0005652    0.001029   2.251e-05  AOI21_X1
mult_77_U262                   0.0004103   0.0005916    0.001025   2.357e-05  AOI21_X1
mult_66_U450                   0.0006592   0.0003275    0.001019   3.257e-05  XOR2_X1
mult_66_U361                   0.0003614   0.0006223    0.001019    3.49e-05  OAI22_X1
mult_66_U447                    0.000633   0.0003442    0.001012   3.482e-05  XOR2_X1
mult_77_U359                   0.0005132   0.0004585    0.001008   3.611e-05  XNOR2_X1
mult_66_U314                   0.0004523   0.0005312    0.001007   2.349e-05  AOI21_X1
mult_66_U252                   0.0001904   0.0007975    0.001003   1.547e-05  INV_X1
mult_66_U357                   0.0003625   0.0005961   0.0009935    3.49e-05  OAI22_X1
mult_77_U475                   0.0006065   0.0003512   0.0009929   3.519e-05  XOR2_X1
U137                           0.0006505   0.0003058   0.0009927   3.633e-05  XOR2_X1
mult_66_U442                   0.0006031   0.0003515   0.0009912   3.662e-05  XOR2_X1
mult_66_U258                   0.0005683    0.000386    0.000991   3.664e-05  XNOR2_X1
mult_66_U283                    0.000413   0.0005429   0.0009908   3.491e-05  OAI21_X1
add_83_U60                     0.0002743   0.0006922   0.0009878   2.126e-05  NOR2_X1
mult_77_U269                   0.0004171   0.0005426   0.0009876   2.793e-05  OAI21_X1
mult_66_U262                   0.0001933   0.0007705   0.0009776   1.377e-05  INV_X1
mult_66_U355                   0.0003615   0.0005794   0.0009758    3.49e-05  OAI22_X1
U178                           0.0006706   0.0002426   0.0009661   5.293e-05  AOI222_X1
mult_66_U259                    0.000598    0.000332   0.0009651   3.506e-05  XNOR2_X1
mult_66_U307                   0.0005878    0.000341    0.000965   3.609e-05  XNOR2_X1
add_83_U65                      0.000276   0.0006708   0.0009648   1.803e-05  NAND2_X1
mult_66_U359                   0.0003619   0.0005638   0.0009605    3.49e-05  OAI22_X1
mult_66_U270                   0.0005038   0.0004325    0.000959   2.278e-05  OR2_X1
mult_66_U249                   0.0005848   0.0003363   0.0009585   3.742e-05  XNOR2_X1
mult_66_U354                   0.0003621    0.000559   0.0009559    3.49e-05  OAI22_X1
add_83_U42                     0.0004183   0.0005112   0.0009557    2.62e-05  AOI21_X1
mult_77_U265                   0.0005965   0.0003242   0.0009557   3.502e-05  XNOR2_X1
mult_66_U316                   0.0006321    0.000292    0.000954   2.986e-05  XNOR2_X1
mult_66_U333                   0.0002437   0.0006931   0.0009507   1.388e-05  INV_X1
mult_80_U322                   0.0005625   0.0003515   0.0009506   3.658e-05  XNOR2_X1
mult_80_U105                   0.0005346   0.0003586   0.0009494    5.62e-05  HA_X1
mult_80_U114                   0.0005306   0.0003595   0.0009464    5.62e-05  HA_X1
mult_66_U388                   0.0002711   0.0006564   0.0009456   1.806e-05  NOR2_X1
mult_66_U376                   0.0003423   0.0005716   0.0009437   2.979e-05  AOI21_X1
mult_66_U360                    0.000362   0.0005467   0.0009436    3.49e-05  OAI22_X1
mult_77_U293                   0.0002651   0.0006545    0.000943   2.335e-05  NAND2_X1
mult_66_U464                   0.0006173   0.0002924   0.0009421   3.247e-05  XOR2_X1
mult_66_U254                   0.0004717    0.000434   0.0009419   3.629e-05  OAI22_X1
mult_66_U290                   0.0004729    0.000443   0.0009393   2.337e-05  OAI22_X1
reg_in_Q_reg_4_                0.0006731   0.0001785   0.0009372   8.565e-05  DFFR_X1
mult_66_U271                   0.0006057   0.0002911   0.0009344   3.772e-05  XNOR2_X1
mult_66_U312                   0.0002534   0.0006601   0.0009336   2.009e-05  NOR2_X1
add_83_U62                     0.0002746     0.00064   0.0009324    1.78e-05  NAND2_X1
U138                           0.0001903   0.0007269   0.0009316   1.434e-05  INV_X1
mult_77_U348                   0.0003777   0.0005157   0.0009315   3.809e-05  XNOR2_X1
mult_77_U320                    0.000339   0.0005552   0.0009252   3.102e-05  AOI21_X1
mult_66_U375                   0.0003422    0.000552    0.000924   2.979e-05  AOI21_X1
add_83_U54                     0.0002748   0.0006265   0.0009226   2.125e-05  NOR2_X1
mult_77_U267                   0.0003606   0.0005279   0.0009191   3.057e-05  AOI21_X1
add_83_U51                     0.0004243   0.0004642   0.0009176   2.904e-05  OAI21_X1
mult_80_U108                   0.0004991   0.0003605   0.0009158   5.616e-05  HA_X1
mult_66_U323                   0.0003732   0.0005112   0.0009148    3.03e-05  OAI21_X1
mult_66_U328                   0.0005585   0.0003174   0.0009143   3.841e-05  XNOR2_X1
mult_77_U477                   0.0005098   0.0003655   0.0009122   3.692e-05  XOR2_X1
mult_77_U335                   0.0005034   0.0003725   0.0009121    3.62e-05  XNOR2_X1
mult_66_U356                   0.0003094   0.0005655   0.0009098    3.49e-05  OAI22_X1
U135                           0.0006311   0.0002321   0.0009069   4.368e-05  OAI33_X1
mult_77_U483                   0.0004716   0.0003956   0.0009065   3.924e-05  XOR2_X1
mult_77_U491                   0.0003933   0.0004769   0.0009056   3.544e-05  XOR2_X1
mult_66_U460                   0.0005349   0.0003293   0.0009051   4.089e-05  XOR2_X1
mult_66_U276                   0.0004121    0.000464   0.0009016   2.547e-05  AOI21_X1
mult_66_U351                   0.0003094   0.0005568   0.0009011    3.49e-05  OAI22_X1
mult_66_U247                    0.000427   0.0004421   0.0008995   3.043e-05  AOI21_X1
mult_66_U456                   0.0006405   0.0002233   0.0008962   3.234e-05  XOR2_X1
mult_77_U478                   0.0004885    0.000371   0.0008939   3.445e-05  XOR2_X1
mult_66_U263                   0.0002579   0.0006194    0.000893   1.571e-05  NAND2_X1
reg_in_Q_reg_6_                0.0006719   0.0001349   0.0008924   8.565e-05  DFFR_X1
U141                           0.0002002    0.000676   0.0008902   1.401e-05  INV_X1
U155                           0.0005878   0.0002621   0.0008899   4.009e-05  AOI221_X1
mult_66_U411                   0.0006135   0.0002375   0.0008881   3.705e-05  XNOR2_X1
mult_66_U317                   0.0004286   0.0004311   0.0008878   2.805e-05  OAI21_X1
mult_66_U279                   0.0005425    0.000307   0.0008877   3.809e-05  XNOR2_X1
mult_66_U431                   0.0003497   0.0005151   0.0008875   2.262e-05  OAI21_X1
add_83_U74                     0.0006197   0.0002309   0.0008859   3.537e-05  XNOR2_X1
U154                           0.0002008   0.0006695   0.0008846   1.429e-05  INV_X1
mult_66_U266                   0.0004748   0.0003841   0.0008837   2.476e-05  AND2_X1
mult_66_U408                   0.0003194   0.0005248   0.0008832   3.898e-05  OAI22_X1
mult_66_U336                   0.0004145   0.0004421   0.0008812   2.469e-05  AOI21_X1
mult_77_U289                   0.0005717    0.000272   0.0008791   3.536e-05  XNOR2_X1
mult_66_U269                   0.0004684   0.0003861    0.000877    2.25e-05  OR2_X1
mult_66_U455                   0.0005508   0.0002897   0.0008756   3.518e-05  XOR2_X1
U173                           0.0005379   0.0003086   0.0008755   2.903e-05  AOI22_X1
mult_66_U409                   0.0006143   0.0002188   0.0008701   3.705e-05  XNOR2_X1
mult_66_U358                    0.000362   0.0004729   0.0008698    3.49e-05  OAI22_X1
mult_66_U413                   0.0006136   0.0002183    0.000869   3.705e-05  XNOR2_X1
U172                           0.0001693   0.0006792   0.0008685   1.992e-05  NAND2_X1
mult_66_U443                   0.0006198   0.0002117   0.0008677   3.616e-05  XOR2_X1
reg_in_Q_reg_2_                 0.000671   0.0001086   0.0008652   8.565e-05  DFFR_X1
add_83_U71                     0.0005061   0.0003316   0.0008646   2.689e-05  AND2_X1
mult_66_U383                   0.0003615   0.0004679   0.0008642    3.49e-05  OAI22_X1
reg_out_Q_reg_0_               0.0007075   7.325e-05   0.0008629   8.208e-05  DFFR_X1
reg_out_Q_reg_1_               0.0007075   7.151e-05   0.0008611   8.208e-05  DFFR_X1
mult_66_U380                   0.0004452   0.0003941   0.0008596   2.031e-05  OAI22_X1
reg_in_Q_reg_7_                0.0006706   9.752e-05   0.0008538   8.565e-05  DFFR_X1
mult_66_U372                   0.0005604   0.0002313   0.0008489   5.718e-05  OAI222_X1
add_83_U61                     0.0005777   0.0002329   0.0008481   3.754e-05  XOR2_X1
mult_66_U292                   0.0004351   0.0003749   0.0008467   3.667e-05  OAI21_X1
mult_77_U337                    0.000397   0.0004254   0.0008464     2.4e-05  OAI21_X1
add_83_U68                     0.0005797   0.0002306   0.0008463   3.607e-05  XNOR2_X1
mult_66_U289                   0.0005147    0.000294   0.0008447   3.587e-05  XNOR2_X1
mult_66_U332                   0.0005107   0.0002957   0.0008444   3.796e-05  XNOR2_X1
add_83_U46                      0.000504   0.0003101    0.000841   2.687e-05  AND2_X1
mult_80_U112                   0.0004962   0.0002877   0.0008401   5.616e-05  HA_X1
add_83_U75                     0.0005032   0.0003083   0.0008383   2.686e-05  AND2_X1
add_83_U70                     0.0005941   0.0002062   0.0008371   3.681e-05  XNOR2_X1
mult_66_U340                   0.0004619   0.0003424   0.0008349   3.068e-05  OAI22_X1
U177                           0.0002076   0.0006122   0.0008321    1.24e-05  INV_X1
mult_66_U295                   0.0005305   0.0002594   0.0008287   3.881e-05  XNOR2_X1
mult_77_U484                   0.0004589   0.0003354   0.0008268   3.254e-05  XOR2_X1
mult_66_U287                   0.0005153   0.0002749   0.0008261   3.587e-05  XNOR2_X1
mult_66_U377                   0.0003604   0.0004293   0.0008246    3.49e-05  OAI22_X1
reg_in_Q_reg_0_                0.0006701   6.855e-05   0.0008243   8.565e-05  DFFR_X1
mult_66_U238                   0.0002735   0.0005262   0.0008243   2.462e-05  NAND2_X1
U186                           0.0005633   0.0002272   0.0008234   3.294e-05  OAI221_X1
reg_in_Q_reg_3_                0.0006701   6.708e-05   0.0008229   8.565e-05  DFFR_X1
mult_77_U480                   0.0003763   0.0004137   0.0008225   3.247e-05  XOR2_X1
reg_in_Q_reg_5_                0.0006701   6.619e-05   0.0008219   8.565e-05  DFFR_X1
mult_66_U365                   0.0003233   0.0004595   0.0008217   3.898e-05  OAI22_X1
mult_77_U488                   0.0003776   0.0004116   0.0008216   3.247e-05  XOR2_X1
mult_66_U301                   0.0004447   0.0003445   0.0008208   3.153e-05  OAI22_X1
reg_in_Q_reg_1_                  0.00067   6.433e-05     0.00082   8.565e-05  DFFR_X1
U146                           0.0004893   0.0003036   0.0008169   2.398e-05  OR2_X1
mult_66_U367                   0.0003602   0.0004196   0.0008147    3.49e-05  OAI22_X1
mult_77_U375                   0.0001985    0.000574   0.0008114   3.898e-05  OAI22_X1
mult_80_U290                   0.0001794   0.0006119   0.0008071   1.587e-05  NAND2_X1
mult_66_U362                   0.0002711   0.0004965   0.0008066   3.898e-05  OAI22_X1
mult_77_U298                   0.0004292   0.0003517   0.0008061   2.518e-05  AND2_X1
mult_66_U285                   0.0005356   0.0002198   0.0008039   4.852e-05  AOI221_X1
FE_OFC0_delay1                 7.398e-05   0.0007069   0.0008038   2.292e-05  CLKBUF_X2
mult_77_U489                   0.0004613   0.0003097   0.0008035   3.251e-05  XOR2_X1
mult_80_U324                   0.0004226   0.0003504   0.0007979   2.485e-05  OAI21_X1
mult_80_U251                   0.0002133   0.0005614   0.0007953   2.064e-05  NOR2_X1
mult_66_U366                   0.0003611   0.0003986   0.0007945    3.49e-05  OAI22_X1
mult_66_U293                   0.0005442   0.0002134   0.0007943   3.659e-05  XNOR2_X1
mult_66_U320                    0.000423   0.0003382   0.0007874   2.623e-05  AOI21_X1
mult_77_U309                   0.0005327   0.0002231   0.0007845   2.858e-05  AOI221_X1
mult_66_U374                   0.0003609   0.0003875   0.0007833    3.49e-05  OAI22_X1
mult_66_U368                   0.0003221    0.000422    0.000783   3.898e-05  OAI22_X1
add_83_U41                     0.0005398   0.0002008   0.0007818   4.118e-05  XOR2_X1
mult_66_U398                   0.0001506   0.0006153   0.0007807   1.473e-05  INV_X1
mult_66_U379                   0.0003611    0.000381   0.0007771    3.49e-05  OAI22_X1
mult_66_U334                   0.0001451   0.0006185   0.0007767   1.303e-05  INV_X1
mult_66_U272                   0.0004784   0.0002589   0.0007753   3.796e-05  XNOR2_X1
U158                           0.0003722   0.0003631   0.0007713   3.599e-05  OAI22_X1
mult_77_U472                   0.0004459   0.0002939   0.0007712   3.148e-05  XOR2_X1
mult_80_U255                    0.000416   0.0003249    0.000768   2.713e-05  OAI21_X1
mult_66_U341                   0.0005299   0.0001988   0.0007675   3.881e-05  XNOR2_X1
mult_66_U257                   0.0002813   0.0004643   0.0007664   2.083e-05  NOR2_X1
mult_66_U261                   0.0005078   0.0002319   0.0007628   2.308e-05  OR2_X1
U147                           0.0002968   0.0004331   0.0007609     3.1e-05  AOI21_X1
mult_66_U325                   0.0003691   0.0003613   0.0007602   2.987e-05  OAI21_X1
mult_80_U258                   0.0002878     0.00045   0.0007577   1.989e-05  NOR2_X1
mult_77_U291                   0.0002673   0.0004694   0.0007575   2.087e-05  NOR2_X1
mult_77_U352                   0.0002506   0.0004838   0.0007568   2.246e-05  OAI21_X1
mult_80_U302                   0.0003198   0.0004096    0.000752   2.269e-05  OR2_X1
add_83_U50                     0.0001892   0.0005472   0.0007501   1.365e-05  INV_X1
mult_77_U482                   0.0004391   0.0002782   0.0007498   3.254e-05  XOR2_X1
mult_77_U282                    0.000495   0.0002284   0.0007498   2.638e-05  OAI22_X1
mult_80_U289                   0.0001968   0.0005318   0.0007496   2.101e-05  NOR2_X1
mult_66_U347                   0.0002892   0.0004392   0.0007494   2.096e-05  NAND2_X1
mult_66_U302                   0.0005078   0.0002131   0.0007454   2.453e-05  AND2_X1
mult_77_U343                   0.0004025   0.0003056   0.0007443   3.622e-05  XNOR2_X1
mult_77_U317                   0.0004596   0.0002453   0.0007436   3.873e-05  XNOR2_X1
add_83_U76                     0.0004941   0.0002214   0.0007425   2.705e-05  AND2_X1
mult_77_U318                   0.0003114   0.0003901   0.0007417   4.021e-05  AOI22_X1
mult_66_U282                   0.0004957   0.0002194   0.0007416   2.649e-05  AND2_X1
mult_66_U235                   0.0002962   0.0004301   0.0007402    1.39e-05  NAND2_X1
U163                           0.0001669   0.0005529   0.0007396   1.983e-05  NAND2_X1
mult_66_U273                   0.0004224   0.0002846   0.0007396   3.259e-05  OAI22_X1
mult_77_U323                   0.0002979   0.0004175   0.0007388   2.349e-05  AOI21_X1
mult_66_U378                     0.00036   0.0003439   0.0007388    3.49e-05  OAI22_X1
U176                           0.0001554   0.0005613   0.0007378   2.108e-05  NOR2_X1
mult_66_U412                   0.0003182   0.0003804   0.0007376   3.898e-05  OAI22_X1
add_83_U49                     0.0002784   0.0004407   0.0007371   1.807e-05  NAND2_X1
mult_80_U257                   0.0002073    0.000509   0.0007371   2.077e-05  NOR2_X1
mult_66_U308                   0.0002144   0.0005005   0.0007351   2.022e-05  NOR2_X1
mult_77_U496                   0.0003258   0.0003712   0.0007343   3.738e-05  XNOR2_X1
add_83_U67                     0.0004901    0.000214   0.0007268   2.269e-05  OR2_X1
mult_77_U266                   0.0003965   0.0003026   0.0007243   2.522e-05  OAI21_X1
mult_66_U370                   0.0004737   0.0001969   0.0007224   5.174e-05  AOI221_X1
mult_66_U253                     0.00019   0.0005147   0.0007192   1.448e-05  INV_X1
mult_80_U270                   0.0004073   0.0002837    0.000719   2.807e-05  OAI21_X1
mult_66_U339                   0.0001683   0.0005376    0.000719   1.303e-05  INV_X1
U151                           0.0005529   0.0001285   0.0007181   3.681e-05  AOI221_X1
mult_80_U274                   0.0003987   0.0002875   0.0007171   3.096e-05  OAI21_X1
mult_66_U264                    0.000276   0.0004228   0.0007165   1.762e-05  NAND2_X1
mult_66_U274                   0.0003709   0.0003129    0.000714   3.026e-05  AOI21_X1
add_83_U56                     0.0003666   0.0003173   0.0007134   2.944e-05  OAI21_X1
mult_80_U288                    0.000204   0.0004884   0.0007132   2.083e-05  NOR2_X1
mult_80_U278                   0.0004141   0.0002649   0.0007129   3.394e-05  OAI21_X1
mult_66_U267                   0.0001916   0.0005049   0.0007122   1.569e-05  INV_X1
mult_66_U260                   0.0003748   0.0003097   0.0007118   2.728e-05  AOI21_X1
add_83_U52                     0.0004774   0.0002111   0.0007111   2.262e-05  OR2_X1
mult_66_U331                   0.0004447   0.0002428   0.0007105   2.303e-05  AOI21_X1
mult_77_U307                   0.0003877   0.0003061   0.0007092   1.533e-05  OAI21_X1
mult_66_U268                   0.0001901   0.0005043   0.0007087   1.435e-05  INV_X1
mult_66_U373                   0.0003212   0.0003432   0.0007033   3.898e-05  OAI22_X1
mult_80_U287                   0.0002704   0.0004127    0.000703   1.985e-05  NOR2_X1
mult_77_U332                   0.0003287   0.0003541    0.000702   1.917e-05  OAI21_X1
mult_66_U396                    0.000137   0.0005493   0.0006993   1.303e-05  INV_X1
U166                           0.0005355   0.0001313   0.0006985   3.171e-05  AOI211_X1
mult_80_U248                   0.0003752   0.0002895   0.0006983    3.36e-05  OAI21_X1
mult_80_U283                    0.000253   0.0004193   0.0006981   2.578e-05  NAND2_X1
mult_66_U277                   0.0004397   0.0002233   0.0006933   3.024e-05  AOI21_X1
f_d2_Q_reg                     0.0005188   8.502e-05     0.00069   8.621e-05  DFFR_X1
mult_77_U314                   0.0004516   0.0001959   0.0006841   3.653e-05  XNOR2_X1
mult_80_U262                   0.0004332   0.0002265   0.0006833    2.36e-05  AOI21_X1
mult_66_U386                   0.0003605   0.0002814   0.0006768    3.49e-05  OAI22_X1
mult_66_U319                   0.0004198    0.000228   0.0006768   2.904e-05  AOI21_X1
add_83_U72                     0.0003598   0.0002839   0.0006736   2.981e-05  OAI21_X1
mult_77_U294                   0.0002466   0.0004052   0.0006711   1.935e-05  NAND2_X1
U174                           0.0003926   0.0002426   0.0006699   3.477e-05  OAI21_X1
U182                           0.0003733   0.0002672   0.0006674   2.691e-05  AOI21_X1
mult_80_U260                   0.0004117   0.0002287   0.0006661   2.573e-05  AOI21_X1
mult_77_U287                   0.0001845   0.0004582   0.0006652   2.248e-05  NOR2_X1
add_83_U59                     0.0002786   0.0003686   0.0006648   1.756e-05  NAND2_X1
mult_66_U335                   0.0001967   0.0004534    0.000663   1.296e-05  NAND2_X1
mult_77_U373                   0.0003441   0.0002903   0.0006627   2.826e-05  OAI21_X1
U164                           0.0001656   0.0004716    0.000657   1.973e-05  NAND2_X1
mult_80_U263                   0.0004142   0.0002113   0.0006538   2.827e-05  OAI21_X1
add_83_U77                     0.0004777   0.0001529   0.0006532   2.264e-05  OR2_X1
mult_77_U303                   0.0004351   0.0001911   0.0006531   2.691e-05  OAI22_X1
mult_66_U245                   0.0004423    0.000185   0.0006497   2.244e-05  OAI221_X1
add_83_U58                     0.0002753   0.0003551    0.000648   1.763e-05  NAND2_X1
U180                           0.0003871   0.0002313   0.0006464   2.803e-05  OAI21_X1
mult_77_U300                   0.0003322     0.00029   0.0006464   2.415e-05  AND2_X1
mult_77_U350                   0.0003664   0.0002418   0.0006454   3.731e-05  XNOR2_X1
mult_77_U286                   0.0003795   0.0002266   0.0006449   3.879e-05  XNOR2_X1
mult_66_U410                   0.0003176   0.0002878   0.0006444   3.898e-05  OAI22_X1
mult_77_U494                   0.0003386   0.0002675    0.000642   3.591e-05  XOR2_X1
mult_77_U433                   0.0002202   0.0003852   0.0006403    3.49e-05  OAI22_X1
mult_77_U275                   0.0002778   0.0003382   0.0006401   2.416e-05  NAND2_X1
mult_77_U487                   0.0003388   0.0002638   0.0006385   3.591e-05  XOR2_X1
mult_80_U281                   0.0001373   0.0004881   0.0006379   1.246e-05  INV_X1
mult_66_U239                   0.0003842   0.0002254   0.0006373   2.765e-05  OAI21_X1
mult_66_U322                   0.0003933   0.0002237   0.0006372   2.017e-05  OAI21_X1
add_83_U63                     0.0004859   0.0001245   0.0006331   2.268e-05  OR2_X1
mult_77_U445                    0.000329   0.0002663   0.0006326   3.729e-05  XNOR2_X1
U153                           0.0003854   0.0002124    0.000631   3.329e-05  AOI21_X1
mult_77_U449                   0.0003286   0.0002651    0.000631   3.738e-05  XNOR2_X1
mult_77_U500                   0.0003399    0.000255   0.0006307    3.59e-05  XOR2_X1
mult_80_U384                   0.0003349   0.0002584   0.0006301    3.67e-05  XNOR2_X1
add_83_U69                     0.0002696   0.0003324   0.0006285   2.654e-05  NAND2_X1
mult_80_U266                   0.0003742   0.0002244   0.0006284   2.982e-05  AOI21_X1
mult_66_U401                   0.0001332   0.0004815   0.0006277   1.303e-05  INV_X1
U152                           0.0003633   0.0002313   0.0006272   3.258e-05  AOI21_X1
mult_77_U458                   0.0003255   0.0002636   0.0006266   3.753e-05  XNOR2_X1
mult_80_U389                    0.000336    0.000253   0.0006258   3.672e-05  XNOR2_X1
mult_80_U411                   0.0003344   0.0002546   0.0006258    3.67e-05  XNOR2_X1
U185                           0.0003213   0.0002764   0.0006256   2.794e-05  AOI21_X1
mult_80_U259                   0.0002175   0.0003845   0.0006225   2.052e-05  NOR2_X1
mult_77_U486                   0.0003372   0.0002494   0.0006224   3.587e-05  XOR2_X1
mult_77_U464                   0.0003287   0.0002564   0.0006224   3.735e-05  XNOR2_X1
mult_80_U381                   0.0003348   0.0002507   0.0006222   3.669e-05  XNOR2_X1
mult_80_U388                   0.0003348     0.00025   0.0006215   3.669e-05  XNOR2_X1
mult_77_U462                   0.0003293   0.0002544    0.000621   3.729e-05  XNOR2_X1
mult_80_U408                   0.0003344   0.0002494   0.0006204    3.67e-05  XNOR2_X1
mult_66_U237                   0.0002913   0.0003095   0.0006204   1.949e-05  NOR2_X1
mult_80_U380                   0.0003361   0.0002473   0.0006201   3.672e-05  XNOR2_X1
mult_80_U400                   0.0003361    0.000247   0.0006199   3.672e-05  XNOR2_X1
mult_77_U463                   0.0003289   0.0002532   0.0006195   3.738e-05  XNOR2_X1
mult_80_U392                   0.0003354   0.0002467   0.0006188   3.668e-05  XNOR2_X1
mult_77_U498                   0.0003384   0.0002444   0.0006187   3.593e-05  XOR2_X1
mult_66_U242                   0.0002648   0.0003266   0.0006186    2.72e-05  NAND2_X1
f_d1_Q_reg                     0.0005162   1.592e-05   0.0006183   8.621e-05  DFFR_X1
mult_80_U293                   0.0001703   0.0004334   0.0006181   1.437e-05  NAND2_X1
mult_80_U409                   0.0003344    0.000247   0.0006181    3.67e-05  XNOR2_X1
U167                           0.0004215   0.0001689    0.000618   2.761e-05  AND3_X1
mult_77_U453                   0.0003286   0.0002521    0.000618   3.735e-05  XNOR2_X1
mult_77_U454                   0.0003258    0.000254   0.0006177   3.798e-05  XNOR2_X1
mult_80_U405                   0.0003314   0.0002491   0.0006174   3.687e-05  XNOR2_X1
mult_66_U330                   0.0003935    0.000199   0.0006169   2.444e-05  AOI21_X1
mult_80_U247                   0.0002536   0.0003355   0.0006169   2.779e-05  NAND2_X1
mult_80_U402                   0.0003349   0.0002451   0.0006167   3.669e-05  XNOR2_X1
mult_80_U401                   0.0003355   0.0002432   0.0006154   3.668e-05  XNOR2_X1
mult_80_U406                   0.0003322   0.0002461    0.000615   3.674e-05  XNOR2_X1
mult_80_U382                   0.0003314   0.0002467    0.000615   3.687e-05  XNOR2_X1
mult_77_U380                   0.0002202   0.0003591   0.0006142    3.49e-05  OAI22_X1
mult_77_U476                   0.0003403   0.0002377   0.0006138   3.574e-05  XOR2_X1
mult_77_U493                   0.0003383   0.0002396   0.0006138   3.592e-05  XOR2_X1
mult_77_U460                   0.0003294   0.0002468   0.0006135   3.738e-05  XNOR2_X1
mult_80_U390                   0.0003352   0.0002416   0.0006134    3.67e-05  XNOR2_X1
mult_80_U387                   0.0003349   0.0002417   0.0006134    3.67e-05  XNOR2_X1
mult_77_U452                   0.0003302   0.0002455   0.0006132   3.743e-05  XNOR2_X1
mult_80_U403                    0.000335   0.0002414   0.0006131    3.67e-05  XNOR2_X1
mult_80_U379                   0.0003355   0.0002405   0.0006126   3.668e-05  XNOR2_X1
mult_80_U395                   0.0003315   0.0002439   0.0006123   3.687e-05  XNOR2_X1
mult_66_U458                   0.0003357   0.0002421   0.0006116   3.378e-05  NAND3_X1
U183                           0.0002803   0.0003049   0.0006116   2.636e-05  NAND2_X1
mult_77_U456                   0.0003287   0.0002444   0.0006105   3.735e-05  XNOR2_X1
mult_80_U397                   0.0003321   0.0002415   0.0006104   3.674e-05  XNOR2_X1
mult_77_U446                   0.0003292   0.0002435   0.0006101   3.738e-05  XNOR2_X1
mult_77_U276                   0.0001782   0.0004168   0.0006094   1.436e-05  INV_X1
mult_77_U473                   0.0003378   0.0002345   0.0006083   3.591e-05  XOR2_X1
mult_77_U451                   0.0003294   0.0002415   0.0006082   3.729e-05  XNOR2_X1
mult_80_U399                   0.0003353   0.0002361   0.0006081    3.67e-05  XNOR2_X1
mult_80_U398                   0.0003321   0.0002389   0.0006077   3.674e-05  XNOR2_X1
mult_77_U455                    0.000329   0.0002412   0.0006075   3.738e-05  XNOR2_X1
mult_77_U450                   0.0003293   0.0002408   0.0006075   3.738e-05  XNOR2_X1
mult_66_U234                   0.0002693   0.0003183   0.0006074   1.985e-05  NOR2_X1
mult_77_U461                   0.0003305   0.0002392   0.0006072   3.743e-05  XNOR2_X1
mult_77_U448                   0.0003281   0.0002407   0.0006061   3.738e-05  XNOR2_X1
mult_77_U465                   0.0003261    0.000242   0.0006061   3.798e-05  XNOR2_X1
mult_77_U377                   0.0002202   0.0003509    0.000606    3.49e-05  OAI22_X1
mult_77_U490                   0.0004134   0.0001647   0.0006059   2.781e-05  XOR2_X1
mult_80_U385                   0.0003349   0.0002337   0.0006053   3.669e-05  XNOR2_X1
mult_77_U466                   0.0003283   0.0002394    0.000605   3.738e-05  XNOR2_X1
mult_77_U447                   0.0003258   0.0002411   0.0006044   3.753e-05  XNOR2_X1
mult_80_U386                   0.0003355   0.0002313   0.0006035   3.668e-05  XNOR2_X1
mult_77_U457                    0.000326   0.0002395   0.0006034   3.798e-05  XNOR2_X1
mult_80_U393                   0.0003362   0.0002305   0.0006034   3.672e-05  XNOR2_X1
mult_80_U378                   0.0003314   0.0002348   0.0006031   3.687e-05  XNOR2_X1
mult_66_U389                   0.0003907   0.0001901   0.0006017   2.085e-05  AOI21_X1
mult_80_U396                   0.0003322   0.0002326   0.0006015   3.674e-05  XNOR2_X1
mult_80_U391                   0.0003353   0.0002292   0.0006012    3.67e-05  XNOR2_X1
mult_80_U383                   0.0003353   0.0002282   0.0006002    3.67e-05  XNOR2_X1
mult_77_U444                   0.0003305   0.0002321   0.0006001   3.743e-05  XNOR2_X1
mult_66_U350                   0.0003499   0.0002197   0.0006001   3.047e-05  OAI21_X1
add_83_U45                     0.0003561   0.0002126   0.0005992   3.044e-05  OAI21_X1
mult_80_U394                    0.000335   0.0002269   0.0005986    3.67e-05  XNOR2_X1
mult_77_U324                   0.0001549   0.0004236   0.0005986   2.009e-05  NOR2_X1
mult_77_U376                   0.0002201   0.0003413   0.0005963    3.49e-05  OAI22_X1
mult_77_U371                   0.0003879   0.0001779   0.0005956    2.98e-05  AOI221_X1
mult_77_U258                   0.0002667   0.0003088   0.0005954   1.986e-05  NOR2_X1
mult_66_U299                   0.0003719   0.0001929   0.0005945   2.967e-05  AOI21_X1
mult_80_U269                   0.0002493   0.0003167   0.0005936   2.765e-05  NAND2_X1
mult_80_U242                   0.0002587   0.0003044   0.0005911   2.812e-05  NAND2_X1
mult_66_U306                   0.0003677   0.0002039   0.0005909   1.926e-05  OAI21_X1
mult_77_U382                   0.0002203   0.0003351   0.0005903    3.49e-05  OAI22_X1
mult_77_U259                   0.0002631   0.0003064   0.0005892   1.966e-05  NOR2_X1
mult_77_U485                   0.0003991   0.0001572   0.0005886    3.23e-05  XOR2_X1
mult_66_U236                   0.0002704   0.0002884   0.0005846   2.586e-05  NAND2_X1
mult_80_U276                   0.0001607   0.0004094   0.0005832   1.311e-05  NAND2_X1
mult_77_U492                   0.0003759   0.0001748   0.0005832   3.247e-05  XOR2_X1
mult_77_U260                   0.0002721   0.0002836   0.0005813   2.559e-05  NAND2_X1
mult_80_U261                   0.0003404   0.0002072   0.0005805   3.288e-05  OAI21_X1
add_83_U73                     0.0002694   0.0002846   0.0005801   2.612e-05  NAND2_X1
U184                           0.0002678    0.000285   0.0005801   2.724e-05  NAND2_X1
mult_66_U250                    0.000265   0.0002855   0.0005781    2.76e-05  NAND2_X1
mult_77_U400                   0.0001892   0.0003533   0.0005765   3.392e-05  OAI21_X1
mult_80_U301                   0.0003754   0.0001769   0.0005758   2.348e-05  OR2_X1
mult_80_U291                   0.0002858    0.000252   0.0005757   3.796e-05  XNOR2_X1
mult_77_U479                   0.0003759   0.0001649   0.0005733   3.247e-05  XOR2_X1
mult_77_U358                   8.527e-05   0.0004745   0.0005727   1.303e-05  INV_X1
mult_77_U336                   0.0003357   0.0001966   0.0005699   3.751e-05  XNOR2_X1
U148                           0.0001257   0.0004281   0.0005699   1.605e-05  INV_X1
mult_77_U481                   0.0002716   0.0002543   0.0005668   4.093e-05  XOR2_X1
mult_77_U322                   0.0003739   0.0001704   0.0005659   2.156e-05  AOI21_X1
mult_80_U273                   0.0002411   0.0002957   0.0005639   2.713e-05  NAND2_X1
mult_77_U273                   0.0003851    0.000163   0.0005633   1.519e-05  OAI211_X1
mult_77_U290                   0.0002102   0.0003321   0.0005629   2.066e-05  NOR2_X1
mult_77_U292                   0.0002036   0.0003371   0.0005623   2.168e-05  NOR2_X1
mult_66_U397                    0.000361    0.000166   0.0005619    3.49e-05  OAI22_X1
mult_80_U306                   0.0002171   0.0003089   0.0005613   3.534e-05  OAI22_X1
mult_80_U354                    0.000217   0.0003089   0.0005613   3.534e-05  OAI22_X1
U168                            0.000197   0.0003498   0.0005612   1.435e-05  INV_X1
mult_80_U280                   0.0003497   0.0001741   0.0005579   3.413e-05  OAI21_X1
mult_77_U395                   0.0002198   0.0003082   0.0005558   2.786e-05  AOI21_X1
mult_77_U344                   0.0003307   0.0001867   0.0005557   3.834e-05  XNOR2_X1
mult_77_U379                     0.00022   0.0002997   0.0005546    3.49e-05  OAI22_X1
mult_80_U292                   0.0002815   0.0002486   0.0005537   2.368e-05  OR2_X1
mult_77_U378                   0.0001983   0.0003139   0.0005512   3.898e-05  OAI22_X1
mult_77_U360                   0.0003494   0.0001635   0.0005507   3.786e-05  XNOR2_X1
mult_66_U382                   0.0002723   0.0002385   0.0005497   3.898e-05  OAI22_X1
mult_77_U345                   0.0002565    0.000262   0.0005492   3.073e-05  OAI21_X1
mult_77_U349                   0.0003318   0.0001788    0.000549   3.834e-05  XNOR2_X1
mult_77_U367                   0.0002893   0.0002367   0.0005487   2.263e-05  OR2_X1
mult_77_U497                   0.0001436   0.0003318    0.000548   7.259e-05  XOR2_X2
mult_66_U399                   0.0003064   0.0002029   0.0005433   3.398e-05  OAI21_X1
mult_66_U327                    0.000334   0.0001898   0.0005415   1.773e-05  OAI21_X1
mult_77_U383                   0.0002202   0.0002852   0.0005403    3.49e-05  OAI22_X1
add_83_U44                     0.0002839   0.0002361   0.0005397   1.976e-05  NOR2_X1
mult_66_U251                   0.0002061   0.0003229   0.0005389    9.85e-06  NAND2_X1
mult_66_U246                   0.0002852     0.00023   0.0005345   1.921e-05  NOR2_X1
mult_66_U346                   0.0001468   0.0003745   0.0005343   1.303e-05  INV_X1
mult_77_U310                   0.0002444   0.0002578   0.0005334   3.124e-05  AOI21_X1
mult_77_U296                   0.0001646   0.0003543   0.0005333   1.437e-05  INV_X1
mult_66_U405                   0.0003208    0.000173   0.0005328   3.898e-05  OAI22_X1
mult_77_U396                   0.0002199   0.0002735   0.0005283    3.49e-05  OAI22_X1
mult_77_U272                   0.0002898   0.0002186   0.0005275   1.909e-05  NOR2_X1
U142                           9.224e-05   0.0004228   0.0005269   1.186e-05  INV_X1
mult_77_U339                   0.0003166   0.0001825   0.0005268   2.772e-05  AOI21_X1
mult_77_U381                   0.0001669   0.0003198   0.0005258   3.898e-05  OAI22_X1
U139                           0.0001139   0.0003947   0.0005241   1.554e-05  INV_X1
mult_66_U265                   0.0003023   0.0002066    0.000523   1.416e-05  INV_X1
mult_66_U402                   0.0003051   0.0001817   0.0005217    3.49e-05  OAI22_X1
mult_80_U279                   0.0002745   0.0002269   0.0005216   2.018e-05  NOR2_X1
mult_77_U351                   0.0003287   0.0001555   0.0005199   3.567e-05  XNOR2_X1
mult_80_U369                   0.0003472   0.0001352   0.0005192    3.68e-05  XNOR2_X1
add_83_U48                     0.0002758   0.0002197   0.0005169   2.139e-05  NOR2_X1
mult_66_U255                   0.0002718    0.000222   0.0005147   2.096e-05  NOR2_X1
mult_80_U415                   0.0003471   0.0001294   0.0005134    3.68e-05  XNOR2_X1
mult_66_U324                   0.0003161   0.0001776   0.0005113   1.766e-05  OAI21_X1
mult_77_U437                    0.000349   0.0001242   0.0005109   3.773e-05  XNOR2_X1
mult_77_U297                   0.0001311   0.0003657   0.0005108   1.404e-05  INV_X1
add_83_U57                     0.0002819   0.0002075   0.0005105   2.124e-05  NOR2_X1
mult_77_U429                   0.0003481   0.0001236   0.0005094   3.773e-05  XNOR2_X1
mult_77_U328                   0.0002273   0.0002484   0.0005087   3.302e-05  AOI21_X1
mult_66_U338                   0.0003082   0.0001824   0.0005079   1.729e-05  OAI21_X1
mult_77_U284                    0.000338   0.0001451   0.0005079   2.479e-05  AND2_X1
mult_77_U434                   0.0003482   0.0001214   0.0005073   3.773e-05  XNOR2_X1
U145                           0.0002334   0.0002539   0.0005069   1.963e-05  NOR2_X1
add_83_U66                     0.0002727   0.0002165   0.0005066   1.737e-05  NAND2_X1
mult_80_U307                    0.000219    0.000252   0.0005064   3.534e-05  OAI22_X1
mult_77_U299                   0.0001315   0.0003605   0.0005061    1.41e-05  INV_X1
mult_77_U325                    0.000239   0.0002425   0.0005038   2.231e-05  AOI21_X1
mult_80_U264                      0.0003   0.0001739   0.0005037   2.979e-05  AOI21_X1
mult_77_U257                   0.0001448   0.0002849   0.0005023   7.259e-05  XOR2_X2
mult_80_U271                   0.0002731   0.0002045   0.0005008   2.309e-05  NAND2_X1
mult_77_U313                   0.0002968   0.0001646   0.0004994   3.796e-05  XNOR2_X1
mult_80_U420                   0.0003473   0.0001147   0.0004988    3.68e-05  XNOR2_X1
mult_80_U414                   0.0003473   0.0001146   0.0004987    3.68e-05  XNOR2_X1
mult_77_U333                   0.0002988   0.0001679   0.0004982   3.149e-05  OAI21_X1
mult_80_U254                     0.00021   0.0002614   0.0004982   2.681e-05  NAND2_X1
mult_66_U233                   0.0001441   0.0002794   0.0004961   7.259e-05  XOR2_X2
mult_77_U386                   0.0002197   0.0002405   0.0004951    3.49e-05  OAI22_X1
mult_66_U406                   0.0002342   0.0002368   0.0004937   2.262e-05  OR2_X1
mult_77_U398                   0.0002198   0.0002389   0.0004935    3.49e-05  OAI22_X1
mult_80_U336                    0.000219   0.0002356     0.00049   3.534e-05  OAI22_X1
mult_77_U315                   0.0002316   0.0002392   0.0004892   1.849e-05  OAI22_X1
mult_77_U330                   0.0002604   0.0001929   0.0004889   3.557e-05  AOI22_X1
mult_66_U311                   0.0003037   0.0001672    0.000488   1.708e-05  OAI21_X1
mult_80_U285                    0.000144   0.0003301   0.0004867   1.267e-05  INV_X1
U150                           0.0002251   0.0002354   0.0004861   2.565e-05  NAND2_X1
mult_80_U347                    0.000219   0.0002309   0.0004852   3.534e-05  OAI22_X1
mult_80_U256                   0.0002633   0.0002031   0.0004837   1.726e-05  NAND2_X1
mult_77_U312                   0.0002874   0.0001548   0.0004829   4.065e-05  XNOR2_X1
mult_80_U377                   0.0003338   0.0001116   0.0004821    3.67e-05  XNOR2_X1
mult_66_U433                   0.0003366    0.000111    0.000482   3.436e-05  OAI21_X1
mult_66_U432                   0.0002649   0.0001888   0.0004775   2.378e-05  AND2_X1
mult_80_U356                   0.0002189   0.0002222   0.0004765   3.534e-05  OAI22_X1
mult_77_U399                   0.0002197   0.0002216   0.0004762    3.49e-05  OAI22_X1
mult_80_U316                    0.000219   0.0002205   0.0004748   3.534e-05  OAI22_X1
mult_77_U302                   0.0001681   0.0002914   0.0004747   1.518e-05  INV_X1
mult_77_U384                   0.0001984   0.0002372   0.0004746   3.898e-05  OAI22_X1
mult_80_U327                   0.0002166   0.0002204   0.0004724   3.534e-05  OAI22_X1
mult_77_U397                   0.0001666   0.0002661   0.0004717   3.898e-05  OAI22_X1
mult_80_U317                    0.000219   0.0002159   0.0004702   3.534e-05  OAI22_X1
mult_77_U393                   0.0001986   0.0002324     0.00047   3.898e-05  OAI22_X1
mult_77_U394                    0.000198   0.0002316   0.0004686   3.898e-05  OAI22_X1
mult_80_U328                   0.0002166   0.0002161    0.000468   3.534e-05  OAI22_X1
mult_80_U298                   0.0002952   0.0001531   0.0004664   1.813e-05  AOI21_X1
mult_66_U371                   0.0002215   0.0002298   0.0004648   1.352e-05  INV_X1
mult_77_U402                   0.0001951   0.0002495   0.0004646   2.007e-05  AOI21_X1
mult_80_U335                   0.0002166   0.0002123   0.0004642   3.534e-05  OAI22_X1
mult_66_U342                   0.0002508   0.0001929   0.0004635   1.976e-05  NOR2_X1
mult_80_U341                   0.0002165   0.0002105   0.0004624   3.534e-05  OAI22_X1
mult_77_U372                   0.0002515   0.0001809   0.0004621   2.967e-05  AOI22_X1
mult_80_U308                   0.0002166   0.0002101   0.0004621   3.534e-05  OAI22_X1
mult_77_U459                   0.0001305    0.000318   0.0004619   1.335e-05  INV_X1
mult_77_U387                   0.0002198   0.0002067   0.0004615    3.49e-05  OAI22_X1
mult_66_U434                    0.000321   0.0001043   0.0004601   3.473e-05  OAI22_X1
mult_77_U385                   0.0001981   0.0002226   0.0004597   3.898e-05  OAI22_X1
mult_80_U303                   0.0001616   0.0002794   0.0004586   1.763e-05  NAND2_X1
mult_77_U390                   0.0002195   0.0002034   0.0004579    3.49e-05  OAI22_X1
mult_80_U337                   0.0002165   0.0002041   0.0004559   3.534e-05  OAI22_X1
mult_77_U391                   0.0002198   0.0001998   0.0004545    3.49e-05  OAI22_X1
mult_80_U315                   0.0002165   0.0002023   0.0004542   3.534e-05  OAI22_X1
mult_77_U401                   0.0002199    0.000199   0.0004538    3.49e-05  OAI22_X1
mult_77_U277                   0.0001305   0.0003119   0.0004537    1.13e-05  INV_X1
mult_80_U332                   0.0002164   0.0002014   0.0004532   3.534e-05  OAI22_X1
mult_66_U240                   0.0001325   0.0003026   0.0004528   1.766e-05  INV_X1
mult_80_U313                   0.0002162   0.0002011   0.0004525   3.534e-05  OAI22_X1
mult_66_U404                   0.0001389   0.0002991    0.000451   1.303e-05  INV_X1
mult_77_U405                   0.0002011     0.00022   0.0004509   2.979e-05  AOI21_X1
mult_66_U256                   0.0002243    0.000211   0.0004497   1.435e-05  INV_X1
mult_80_U339                   0.0001878    0.000224   0.0004471   3.534e-05  OAI22_X1
U140                           0.0001657   0.0002614   0.0004468   1.972e-05  NOR2_X1
mult_80_U282                   0.0001656   0.0002669   0.0004466   1.405e-05  NAND2_X1
mult_80_U310                   0.0002185   0.0001919   0.0004457   3.534e-05  OAI22_X1
mult_80_U323                   0.0001894   0.0002296   0.0004451   2.611e-05  NAND2_X1
mult_77_U308                     0.00021   0.0002184   0.0004445   1.618e-05  INV_X1
mult_80_U326                   0.0001878   0.0002204   0.0004435   3.534e-05  OAI22_X1
mult_80_U348                   0.0002164     0.00019   0.0004417   3.534e-05  OAI22_X1
mult_80_U319                   0.0001878   0.0002178   0.0004409   3.534e-05  OAI22_X1
mult_66_U352                   0.0002096   0.0002167   0.0004407   1.435e-05  INV_X1
mult_77_U436                   0.0001981   0.0002035   0.0004406   3.898e-05  OAI22_X1
mult_77_U263                   0.0001909   0.0002364     0.00044   1.263e-05  INV_X1
mult_77_U311                    0.000226   0.0001763     0.00044   3.764e-05  XNOR2_X1
mult_80_U367                   0.0001879   0.0002159   0.0004391   3.534e-05  OAI22_X1
mult_66_U291                   0.0002851   0.0001284   0.0004382   2.473e-05  AND2_X1
mult_66_U326                   0.0002093   0.0002149   0.0004377   1.347e-05  INV_X1
mult_80_U241                   0.0002114   0.0002126   0.0004365   1.251e-05  INV_X1
mult_66_U284                   0.0002001   0.0002217   0.0004332    1.14e-05  INV_X1
mult_80_U368                   0.0002161   0.0001793   0.0004308   3.534e-05  OAI22_X1
mult_80_U342                   0.0001877   0.0002063   0.0004293   3.534e-05  OAI22_X1
mult_77_U369                   0.0002979   0.0001085   0.0004282   2.184e-05  OAI221_X1
mult_77_U278                   0.0001824   0.0002171   0.0004274   2.792e-05  NAND2_X1
mult_66_U318                   0.0001939   0.0002202   0.0004272   1.313e-05  INV_X1
mult_77_U412                   0.0002639   0.0001378    0.000427   2.531e-05  AOI21_X1
mult_80_U340                   0.0002164    0.000173   0.0004248   3.534e-05  OAI22_X1
mult_66_U243                   0.0001932   0.0002189   0.0004247   1.261e-05  INV_X1
mult_66_U321                   0.0001939   0.0002147   0.0004246   1.609e-05  INV_X1
mult_77_U406                   0.0001665   0.0002163   0.0004218   3.898e-05  OAI22_X1
mult_80_U275                   0.0002057   0.0002012   0.0004209   1.402e-05  INV_X1
mult_80_U250                   0.0002362   0.0001701   0.0004201   1.375e-05  NAND2_X1
mult_66_U313                    0.000178   0.0002225    0.000417    1.65e-05  OAI21_X1
mult_80_U334                   0.0001877   0.0001932   0.0004162   3.534e-05  OAI22_X1
mult_77_U271                   0.0002107    0.000192   0.0004158   1.309e-05  INV_X1
mult_80_U321                   0.0002163   0.0001634    0.000415   3.534e-05  OAI22_X1
mult_77_U388                   0.0001667   0.0002091   0.0004148   3.898e-05  OAI22_X1
mult_77_U392                   0.0001666    0.000207   0.0004126   3.898e-05  OAI22_X1
mult_77_U340                   0.0001837   0.0002104   0.0004121   1.807e-05  OAI21_X1
mult_80_U295                   0.0002137   0.0001766   0.0004109   2.051e-05  NOR2_X1
mult_77_U301                   0.0001068   0.0002865   0.0004094   1.613e-05  INV_X1
mult_77_U389                   0.0001667   0.0002036   0.0004093   3.898e-05  OAI22_X1
mult_77_U355                   0.0001847   0.0001909   0.0004089   3.324e-05  AOI21_X1
mult_80_U344                   0.0002163   0.0001567   0.0004083   3.534e-05  OAI22_X1
U159                           0.0001521   0.0002336   0.0004075   2.176e-05  NOR2_X1
mult_80_U294                   0.0002047   0.0001808   0.0004056   2.016e-05  NOR2_X1
reg_filter_U6                  0.0002679   0.0001036   0.0004024   3.087e-05  OAI21_X1
mult_66_U393                   0.0002655   0.0001134   0.0004016   2.277e-05  OR2_X1
FE_OFC3_mult_80_n256           5.799e-05   0.0003207   0.0004001   2.144e-05  BUF_X1
FE_OFC4_mult_80_n255           5.799e-05   0.0003205   0.0003999   2.144e-05  BUF_X1
mult_80_U305                   0.0002551   0.0001199   0.0003995   2.444e-05  OR2_X1
U161                           0.0001508   0.0002267   0.0003992    2.17e-05  NOR2_X1
reg_filter_U4                  0.0002637   0.0001034   0.0003981   3.105e-05  OAI21_X1
mult_66_U385                   0.0002655   0.0001074   0.0003957   2.277e-05  OR2_X1
U160                           0.0001561   0.0002175   0.0003953   2.171e-05  NOR2_X1
mult_66_U305                   0.0001744   0.0002034   0.0003944   1.659e-05  INV_X1
FE_OFC5_mult_77_n730           5.799e-05   0.0003122   0.0003916   2.144e-05  BUF_X1
reg_out_U2                     0.0002436   0.0001162   0.0003912   3.135e-05  OAI21_X1
mult_66_U391                   0.0002643   0.0001039    0.000391   2.277e-05  OR2_X1
mult_77_U342                   0.0002512   0.0001188   0.0003902   2.011e-05  AOI21_X1
mult_80_U240                   6.784e-05   0.0002852   0.0003895   3.644e-05  XNOR2_X1
mult_77_U329                   0.0002511   0.0001162    0.000386   1.872e-05  AOI21_X1
mult_66_U278                   0.0001729   0.0001997   0.0003859   1.337e-05  INV_X1
mult_66_U349                   0.0001798   0.0001901   0.0003852   1.523e-05  INV_X1
FE_OFC6_mult_66_n714             5.8e-05   0.0003038   0.0003832   2.144e-05  BUF_X1
mult_77_U363                   0.0001587   0.0001989   0.0003813   2.373e-05  AND2_X1
reg_out_U4                     0.0002433   0.0001057   0.0003803   3.131e-05  OAI21_X1
reg_out_U10                     0.000243   0.0001053   0.0003793     3.1e-05  OAI21_X1
mult_77_U354                   0.0002286   0.0001213    0.000379   2.907e-05  AOI21_X1
reg_filter_U18                 0.0002438   0.0001038   0.0003787   3.111e-05  OAI21_X1
reg_out_U6                     0.0002431   0.0001031   0.0003774   3.118e-05  OAI21_X1
reg_out_U8                     0.0002424   0.0001041   0.0003772   3.063e-05  OAI21_X1
mult_77_U305                   0.0002437   0.0001092   0.0003758   2.288e-05  AND2_X1
mult_66_U369                   0.0001786   0.0001859   0.0003757   1.117e-05  INV_X1
reg_filter_U2                  0.0002453   9.711e-05   0.0003756   3.319e-05  OAI21_X1
mult_66_U329                   0.0001562   0.0001988   0.0003747   1.982e-05  NOR2_X1
U162                           0.0001621   0.0001901    0.000374    2.18e-05  NOR2_X1
mult_66_U394                   0.0001204    0.000232   0.0003739   2.153e-05  NOR2_X1
mult_77_U408                   0.0002192   0.0001191   0.0003732    3.49e-05  OAI22_X1
U181                           0.0001424   0.0002132   0.0003725   1.688e-05  NAND2_X1
reg_out_U12                    0.0002408   9.998e-05   0.0003708   2.999e-05  OAI21_X1
reg_filter_U16                 0.0002427   9.654e-05   0.0003701   3.089e-05  OAI21_X1
FE_OFC7_mult_66_n668             5.8e-05   0.0002902   0.0003697   2.144e-05  BUF_X1
mult_66_U344                   7.986e-05   0.0002731   0.0003639   1.093e-05  INV_X1
U144                           0.0001661   0.0001833   0.0003625     1.3e-05  INV_X1
reg_filter_U12                 0.0002319   9.766e-05   0.0003608   3.119e-05  OAI21_X1
mult_77_U416                   7.957e-05   0.0002678   0.0003602   1.276e-05  INV_X1
reg_filter_U10                 0.0002319   9.631e-05   0.0003595   3.129e-05  OAI21_X1
mult_80_U376                   0.0002183   0.0001038   0.0003575   3.534e-05  OAI22_X1
mult_80_U299                    0.000201   0.0001141   0.0003534   3.835e-05  OAI21_X1
reg_filter_U14                 0.0002221   9.961e-05   0.0003533   3.167e-05  OAI21_X1
mult_77_U338                   0.0001553    0.000181   0.0003504   1.408e-05  INV_X1
reg_filter_U15                 0.0001886   0.0001436   0.0003494   1.724e-05  NAND2_X1
mult_77_U438                   1.821e-05   0.0003163   0.0003488   1.435e-05  INV_X1
mult_77_U415                   8.627e-05   0.0002495   0.0003488   1.303e-05  INV_X1
mult_66_U298                   0.0001695   0.0001659   0.0003484   1.303e-05  INV_X1
add_83_U47                     0.0001991   0.0001365   0.0003478   1.217e-05  INV_X1
mult_77_U425                   0.0002106   0.0001044   0.0003451   3.014e-05  AOI22_X1
mult_80_U330                   0.0002004    0.000113   0.0003432   2.979e-05  AOI21_X1
mult_77_U295                   8.507e-05   0.0002401   0.0003423   1.705e-05  INV_X1
mult_77_U370                   0.0001604   0.0001657    0.000342   1.596e-05  INV_X1
mult_77_U280                   0.0001638   0.0001656   0.0003419   1.253e-05  INV_X1
mult_80_U243                   0.0001572   0.0001715   0.0003416   1.291e-05  INV_X1
mult_77_U428                   0.0001978   0.0001047   0.0003415   3.898e-05  OAI22_X1
mult_80_U355                   0.0001871   0.0001188   0.0003413   3.534e-05  OAI22_X1
reg_filter_U5                  0.0002031   0.0001201   0.0003407    1.74e-05  NAND2_X1
mult_80_U333                   0.0001961   0.0001142     0.00034   2.979e-05  AOI21_X1
reg_filter_U11                 0.0001871   0.0001349   0.0003394   1.737e-05  NAND2_X1
add_83_U53                     0.0001958   0.0001313   0.0003392   1.216e-05  INV_X1
U175                           0.0002067   0.0001046   0.0003384   2.707e-05  NAND4_X1
mult_77_U407                   8.454e-05     0.00024   0.0003376   1.303e-05  INV_X1
mult_77_U423                   0.0002066   0.0001038   0.0003343    2.39e-05  OAI211_X1
mult_77_U424                   0.0001916   0.0001059   0.0003333   3.581e-05  OAI22_X1
mult_80_U345                   0.0001608    0.000152   0.0003326   1.985e-05  NOR2_X1
mult_77_U362                   0.0001283   0.0001893   0.0003309    1.34e-05  NAND2_X1
mult_80_U363                   0.0002165   9.212e-05   0.0003309   2.222e-05  OR2_X1
mult_66_U286                   0.0001646   0.0001527   0.0003303   1.303e-05  INV_X1
mult_66_U337                   0.0001491   0.0001643   0.0003302   1.673e-05  INV_X1
mult_80_U358                   0.0002002   0.0001001   0.0003301   2.979e-05  AOI21_X1
reg_filter_U19                 0.0001869   0.0001251   0.0003295   1.743e-05  NAND2_X1
reg_filter_U7                  0.0001857   0.0001258    0.000329   1.746e-05  NAND2_X1
mult_77_U427                   8.573e-05   0.0002281   0.0003269   1.303e-05  INV_X1
mult_77_U364                   8.171e-05    0.000232   0.0003268   1.303e-05  INV_X1
mult_80_U249                   0.0001512    0.000162    0.000326   1.275e-05  INV_X1
reg_filter_U13                 0.0001892   0.0001193   0.0003259    1.74e-05  NAND2_X1
mult_77_U357                   0.0001996   0.0001024   0.0003243   2.229e-05  AOI21_X1
mult_66_U275                   0.0001504   0.0001608   0.0003242   1.303e-05  INV_X1
mult_66_U300                   0.0001543   0.0001572   0.0003242   1.276e-05  INV_X1
mult_77_U346                   0.0001963   0.0001097   0.0003236   1.759e-05  OAI21_X1
mult_77_U417                   0.0002012   9.169e-05   0.0003226   2.979e-05  AOI21_X1
mult_77_U268                   0.0001425   0.0001673   0.0003224   1.255e-05  INV_X1
mult_80_U318                   9.457e-05   0.0002139   0.0003215   1.303e-05  INV_X1
mult_80_U365                   3.216e-05   0.0002708   0.0003203   1.739e-05  NAND2_X1
mult_66_U457                   0.0001755    0.000124   0.0003185   1.907e-05  NAND3_X1
mult_77_U418                   3.299e-05   0.0002681   0.0003185   1.739e-05  NAND2_X1
mult_77_U261                   0.0001451   0.0001598   0.0003167   1.187e-05  INV_X1
mult_77_U331                   0.0002001   9.422e-05   0.0003167   2.237e-05  OR2_X1
mult_66_U345                   0.0001739   0.0001048   0.0003161   3.746e-05  AOI21_X1
mult_66_U310                   0.0001411   0.0001565   0.0003146   1.694e-05  INV_X1
U143                           9.179e-05   0.0002106   0.0003143   1.186e-05  INV_X1
mult_80_U366                   3.218e-05   0.0002645   0.0003141   1.739e-05  NAND2_X1
mult_80_U351                   0.0001817   9.607e-05   0.0003137    3.59e-05  OAI21_X1
mult_80_U343                   0.0001554    0.000133   0.0003136   2.519e-05  AND2_X1
mult_77_U430                   3.263e-05   0.0002571   0.0003072   1.739e-05  NAND2_X1
mult_77_U431                   3.289e-05   0.0002553   0.0003055   1.739e-05  NAND2_X1
mult_66_U384                   8.842e-05   0.0001825    0.000305    3.41e-05  AOI21_X1
reg_filter_U8                  0.0001922   7.828e-05   0.0003028   3.232e-05  OAI21_X1
mult_80_U320                   0.0001549   0.0001225   0.0003026   2.519e-05  AND2_X1
mult_77_U327                   0.0001848   0.0001004   0.0003024   1.708e-05  OAI21_X1
mult_66_U435                    3.26e-05   0.0002519   0.0003019   1.739e-05  NAND2_X1
mult_77_U361                    8.47e-05   0.0002036   0.0003008   1.241e-05  NAND2_X1
mult_66_U436                    3.24e-05   0.0002501   0.0002999   1.739e-05  NAND2_X1
mult_66_U343                   0.0001304   0.0001507    0.000298   1.686e-05  INV_X1
mult_77_U409                   6.926e-05   0.0002035   0.0002946   2.189e-05  NOR2_X1
reg_filter_U9                  0.0001727   0.0001044   0.0002941   1.703e-05  NAND2_X1
mult_80_U331                   7.758e-05   0.0002028   0.0002932   1.276e-05  INV_X1
mult_80_U284                   0.0001527   0.0001264   0.0002913   1.215e-05  NAND2_X1
mult_80_U370                   3.425e-05   0.0002388   0.0002904   1.739e-05  NAND2_X1
U156                           0.0001319   0.0001423   0.0002902   1.599e-05  INV_X1
mult_77_U281                   0.0001895   8.858e-05   0.0002899   1.182e-05  OAI211_X1
mult_80_U300                    0.000186   7.996e-05   0.0002883   2.235e-05  AND2_X1
reg_filter_U17                 0.0001474    0.000123   0.0002879    1.75e-05  NAND2_X1
mult_80_U371                   2.833e-05   0.0002417   0.0002874   1.739e-05  NAND2_X1
mult_77_U439                   7.446e-05   0.0001787   0.0002864   3.325e-05  AOI21_X1
mult_80_U325                   0.0001413   0.0001216    0.000284   2.105e-05  NAND2_X1
U157                            0.000126   0.0001418   0.0002839   1.611e-05  INV_X1
reg_filter_U3                  0.0001424   0.0001245   0.0002837   1.675e-05  NAND2_X1
mult_80_U267                   0.0001264   0.0001404   0.0002836   1.671e-05  INV_X1
mult_66_U441                   1.763e-05   0.0002495   0.0002815   1.435e-05  INV_X1
reg_out_U11                    0.0001371   0.0001254     0.00028   1.746e-05  NAND2_X1
mult_80_U297                   0.0001478   0.0001186   0.0002786   1.219e-05  NAND2_X1
mult_80_U418                   0.0001858   5.745e-05   0.0002786   3.534e-05  OAI22_X1
mult_66_U438                   3.302e-05   0.0002279   0.0002784   1.739e-05  NAND2_X1
mult_66_U392                    9.91e-05   0.0001448   0.0002777   3.381e-05  AOI21_X1
reg_out_U13                    0.0001385   0.0001206   0.0002768    1.78e-05  NAND2_X1
reg_out_U9                     0.0001392   0.0001194   0.0002761   1.758e-05  NAND2_X1
reg_out_U7                     0.0001387     0.00012   0.0002761    1.74e-05  NAND2_X1
mult_80_U353                   0.0001371   0.0001176   0.0002749   2.024e-05  NOR2_X1
reg_out_U5                     0.0001361   0.0001194   0.0002729   1.736e-05  NAND2_X1
reg_out_U3                     0.0001364   0.0001188   0.0002725   1.734e-05  NAND2_X1
mult_77_U404                   0.0001646   8.645e-05   0.0002679   1.689e-05  OAI21_X1
mult_80_U286                   0.0001165   0.0001336    0.000267   1.693e-05  INV_X1
mult_80_U338                   9.817e-05   0.0001525   0.0002637   1.303e-05  INV_X1
mult_80_U265                   0.0001138   0.0001279   0.0002582   1.657e-05  INV_X1
mult_80_U412                   1.785e-05   0.0002238    0.000256   1.435e-05  INV_X1
mult_80_U375                   8.832e-05   0.0001533   0.0002546   1.303e-05  INV_X1
mult_66_U390                   0.0001003   0.0001204   0.0002545   3.381e-05  AOI21_X1
mult_77_U334                   0.0001192   0.0001205   0.0002537   1.394e-05  INV_X1
mult_77_U440                   0.0001614   6.825e-05   0.0002525   2.285e-05  OR2_X1
mult_77_U321                   0.0001189   0.0001192    0.000252   1.394e-05  INV_X1
mult_77_U443                   0.0001608   6.598e-05   0.0002496   2.285e-05  OR2_X1
mult_80_U361                   0.0001512   7.225e-05   0.0002486   2.519e-05  AND2_X1
mult_66_U395                   8.632e-05   0.0001372   0.0002462   2.268e-05  AND3_X1
mult_77_U353                   0.0001072   0.0001221   0.0002437   1.442e-05  INV_X1
mult_77_U304                   0.0001117   0.0001181   0.0002435   1.376e-05  INV_X1
mult_80_U329                   8.075e-05   0.0001494   0.0002429   1.276e-05  INV_X1
mult_80_U357                   8.045e-05   0.0001483   0.0002415   1.276e-05  INV_X1
mult_80_U364                   0.0001522   6.596e-05    0.000241   2.285e-05  OR2_X1
mult_80_U314                    0.000152   6.402e-05   0.0002389   2.285e-05  OR2_X1
mult_80_U373                    0.000152   6.388e-05   0.0002387   2.285e-05  OR2_X1
mult_80_U311                   0.0001518   6.203e-05   0.0002367   2.285e-05  OR2_X1
mult_80_U309                   9.885e-05   9.816e-05   0.0002366   3.962e-05  OAI22_X1
mult_80_U372                   9.772e-05   9.857e-05   0.0002359   3.962e-05  OAI22_X1
mult_77_U347                   0.0001236    9.84e-05   0.0002351   1.303e-05  INV_X1
mult_80_U312                   9.764e-05   9.582e-05   0.0002331   3.962e-05  OAI22_X1
mult_77_U410                   6.934e-05   0.0001417    0.000233   2.189e-05  NOR2_X1
mult_77_U341                   0.0001024    0.000114   0.0002317   1.531e-05  INV_X1
mult_77_U368                   9.762e-05   0.0001139   0.0002294   1.782e-05  INV_X1
mult_66_U452                    1.75e-05   0.0001945   0.0002263   1.435e-05  INV_X1
mult_80_U352                   0.0001257   8.179e-05   0.0002239   1.642e-05  AOI21_X1
mult_77_U413                   0.0001035   0.0001006   0.0002188   1.468e-05  INV_X1
mult_77_U435                    1.77e-05   0.0001858   0.0002178   1.435e-05  INV_X1
mult_77_U356                   0.0001043   9.751e-05   0.0002149   1.303e-05  INV_X1
mult_77_U366                   0.0001033   9.746e-05   0.0002138   1.303e-05  INV_X1
mult_77_U422                     8.7e-05   0.0001075   0.0002117   1.722e-05  INV_X1
mult_66_U381                   0.0001314   5.703e-05     0.00021   2.155e-05  AND2_X1
mult_66_U403                   7.468e-05   0.0001177   0.0002042   1.188e-05  NAND2_X1
mult_77_U442                   7.618e-05   9.059e-05      0.0002   3.325e-05  AOI21_X1
mult_77_U419                   6.772e-05   0.0001104   0.0001997   2.158e-05  OAI21_X1
mult_80_U296                   0.0001092   8.105e-05   0.0001996   9.371e-06  NAND2_X1
mult_66_U400                   7.329e-05   0.0001135   0.0001987   1.188e-05  NAND2_X1
mult_77_U306                   8.252e-05   9.866e-05   0.0001982   1.698e-05  INV_X1
mult_77_U319                   0.0001215   5.284e-05   0.0001955   2.115e-05  OR2_X1
mult_77_U326                   8.733e-05   9.024e-05   0.0001945   1.694e-05  INV_X1
mult_66_U439                   1.769e-05   0.0001593   0.0001914   1.435e-05  INV_X1
mult_77_U420                   0.0001014   6.687e-05   0.0001888   2.051e-05  NOR2_X1
mult_80_U350                   8.158e-05    9.26e-05   0.0001858   1.157e-05  INV_X1
mult_66_U440                   2.557e-05   0.0001391   0.0001821   1.739e-05  NAND2_X1
mult_77_U414                   4.826e-05   0.0001166   0.0001768   1.193e-05  NAND2_X1
mult_66_U348                   4.823e-05   0.0001097   0.0001759   1.793e-05  INV_X1
mult_77_U403                   7.431e-05   8.124e-05   0.0001727   1.714e-05  INV_X1
mult_77_U441                   2.555e-05    0.000121   0.0001639   1.739e-05  NAND2_X1
mult_80_U419                     9.2e-05   3.213e-05   0.0001638   3.962e-05  OAI22_X1
mult_80_U417                   9.141e-05   4.118e-05   0.0001555   2.292e-05  AND2_X1
mult_77_U411                   4.945e-05   7.418e-05   0.0001475   2.387e-05  NOR2_X1
mult_80_U304                   8.744e-05   3.534e-05    0.000145   2.226e-05  AND2_X1
mult_77_U365                   3.216e-05   9.262e-05   0.0001427    1.79e-05  INV_X1
U190                           2.715e-05   9.973e-05   0.0001405   1.362e-05  INV_X1
U188                           2.718e-05   9.844e-05   0.0001392   1.362e-05  INV_X1
mult_80_U346                   6.756e-05   5.813e-05   0.0001364   1.068e-05  NAND2_X1
mult_77_U426                   1.745e-05   0.0001027   0.0001345   1.435e-05  INV_X1
mult_77_U316                   7.813e-05   3.399e-05   0.0001337   2.156e-05  AND2_X1
U189                           2.702e-05   9.295e-05   0.0001336   1.362e-05  INV_X1
mult_66_U473                   6.959e-05   2.647e-05   0.0001322   3.616e-05  XOR2_X1
mult_77_U495                   6.947e-05   2.609e-05   0.0001317   3.616e-05  XOR2_X1
mult_80_U407                   6.942e-05    2.54e-05    0.000131   3.616e-05  XOR2_X1
mult_77_U499                   6.979e-05   2.434e-05   0.0001303   3.616e-05  XOR2_X1
mult_66_U437                   7.012e-05   2.372e-05   0.0001303   3.644e-05  XNOR2_X1
mult_66_U470                   6.937e-05    2.47e-05   0.0001302   3.616e-05  XOR2_X1
mult_80_U410                   6.934e-05   2.433e-05   0.0001298   3.616e-05  XOR2_X1
mult_77_U432                   6.849e-05   2.469e-05   0.0001296   3.644e-05  XNOR2_X1
mult_80_U413                   6.936e-05   2.397e-05   0.0001295   3.616e-05  XOR2_X1
mult_80_U404                   6.937e-05    2.26e-05   0.0001281   3.616e-05  XOR2_X1
mult_77_U374                     5.4e-05   4.452e-05   0.0001206   2.208e-05  NOR2_X1
mult_77_U256                   6.796e-05   1.386e-05   0.0001183   3.644e-05  XNOR2_X1
mult_80_U238                   6.789e-05   1.386e-05   0.0001182   3.644e-05  XNOR2_X1
mult_80_U239                    6.78e-05   1.386e-05   0.0001181   3.644e-05  XNOR2_X1
mult_66_U232                   6.778e-05   1.387e-05   0.0001181   3.644e-05  XNOR2_X1
mult_66_U231                   6.779e-05   1.386e-05   0.0001181   3.644e-05  XNOR2_X1
U191                           2.701e-05   7.713e-05   0.0001178   1.362e-05  INV_X1
reg_in_U14                     5.353e-05   2.786e-05   0.0001126    3.12e-05  OAI21_X1
mult_80_U349                   5.717e-05   4.812e-05   0.0001122   6.941e-06  NAND2_X1
reg_in_U4                      5.354e-05   2.736e-05   0.0001121    3.12e-05  OAI21_X1
reg_in_U10                      5.35e-05    2.67e-05   0.0001114    3.12e-05  OAI21_X1
reg_in_U16                     5.345e-05    2.56e-05   0.0001103    3.12e-05  OAI21_X1
reg_in_U12                     5.341e-05   2.415e-05   0.0001088    3.12e-05  OAI21_X1
U194                           2.688e-05   6.758e-05   0.0001081   1.362e-05  INV_X1
reg_in_U8                      5.337e-05   2.331e-05   0.0001079    3.12e-05  OAI21_X1
reg_in_U2                      5.335e-05   2.254e-05   0.0001071    3.12e-05  OAI21_X1
reg_in_U6                      5.335e-05   2.246e-05    0.000107    3.12e-05  OAI21_X1
U193                           2.684e-05   6.214e-05   0.0001026   1.362e-05  INV_X1
U192                           2.684e-05   6.004e-05   0.0001005   1.362e-05  INV_X1
mult_66_U474                   1.724e-05   4.855e-05   8.014e-05   1.435e-05  INV_X1
mult_77_U467                   1.717e-05   4.643e-05   7.795e-05   1.435e-05  INV_X1
reg_out_U18                    1.975e-05   1.003e-05   7.154e-05   4.176e-05  OAI21_X1
reg_out_U16                    1.974e-05   9.678e-06   7.118e-05   4.176e-05  OAI21_X1
mult_66_U364                   3.529e-05   1.512e-05    7.11e-05   2.069e-05  AND2_X1
mult_80_U360                   4.109e-05   1.517e-05   7.062e-05   1.435e-05  INV_X1
U179                           2.775e-05   2.891e-05   7.029e-05   1.362e-05  INV_X1
mult_77_U421                   2.883e-05   2.314e-05   6.844e-05   1.648e-05  INV_X1
reg_in_U5                      2.539e-05   2.208e-05   6.486e-05   1.739e-05  NAND2_X1
mult_80_U421                   1.711e-05   3.291e-05   6.437e-05   1.435e-05  INV_X1
reg_in_U17                     2.532e-05   2.148e-05   6.419e-05   1.739e-05  NAND2_X1
reg_in_U11                     2.528e-05   2.144e-05   6.412e-05   1.739e-05  NAND2_X1
reg_in_U15                     2.528e-05   2.142e-05    6.41e-05   1.739e-05  NAND2_X1
mult_80_U423                   1.719e-05   3.234e-05   6.388e-05   1.435e-05  INV_X1
reg_in_U9                      2.527e-05   2.106e-05   6.372e-05   1.739e-05  NAND2_X1
reg_in_U3                      2.529e-05   2.099e-05   6.367e-05   1.739e-05  NAND2_X1
mult_80_U374                   1.715e-05   3.209e-05   6.359e-05   1.435e-05  INV_X1
reg_in_U7                      2.527e-05   2.085e-05   6.351e-05   1.739e-05  NAND2_X1
reg_in_U13                     2.524e-05   2.013e-05   6.276e-05   1.739e-05  NAND2_X1
mult_80_U422                    1.71e-05   3.064e-05    6.21e-05   1.435e-05  INV_X1
mult_80_U359                   2.751e-05   1.598e-05   5.784e-05   1.435e-05  INV_X1
mult_80_U362                   2.751e-05   1.587e-05   5.774e-05   1.435e-05  INV_X1

---------------------------------------------------------------------------------------

Total (    875 of    875  )       0.2805      0.2673     0.5744     0.02656
Total Capacitance                3.864e-12 F
Power Density                   *** No Die Area ***
